<?xml version="1.0" encoding="utf-8"?><testsuites name="pytest tests"><testsuite name="pytest" errors="0" failures="0" skipped="0" tests="6" time="6.695" timestamp="2026-07-22T12:33:33.378202+00:00" hostname="agent-env-05a2c433-be27-4dc6-a349-a05619ca813d"><testcase classname="tests.test_iter3_verify.TestAnalyticsShape" name="test_analytics_returns_all_six_keys_correct_shape" time="0.169" /><testcase classname="tests.test_iter3_verify.TestAuthCasesAudit" name="test_admin_login" time="0.421" /><testcase classname="tests.test_iter3_verify.TestScamCheck" name="test_scam_check_high_severity_creates_case_and_alert" time="5.881" /><testcase classname="tests.test_iter3_verify.TestAuthCasesAudit" name="test_cases_list_returns_list" time="0.048" /><testcase classname="tests.test_iter3_verify.TestAuthCasesAudit" name="test_patch_case_with_bearer_writes_audit" time="0.526" /><testcase classname="tests.test_iter3_verify.TestWebSocket" name="test_ws_upgrade_and_receive_alert" time="0.313" /></testsuite></testsuites>