<?xml version="1.0" encoding="utf-8"?><testsuites name="pytest tests"><testsuite name="pytest" errors="0" failures="0" skipped="0" tests="16" time="16.814" timestamp="2026-07-22T12:21:29.249380+00:00" hostname="agent-env-05a2c433-be27-4dc6-a349-a05619ca813d"><testcase classname="tests.test_iter2.TestRegression" name="test_officers_from_db" time="0.252" /><testcase classname="tests.test_iter2.TestAuth" name="test_login_admin" time="0.492" /><testcase classname="tests.test_iter2.TestRegression" name="test_kpis" time="0.224" /><testcase classname="tests.test_iter2.TestRegression" name="test_graph" time="0.052" /><testcase classname="tests.test_iter2.TestAuth" name="test_login_officer" time="0.316" /><testcase classname="tests.test_iter2.TestRegression" name="test_hotspots" time="0.257" /><testcase classname="tests.test_iter2.TestRegression" name="test_alerts" time="0.052" /><testcase classname="tests.test_iter2.TestAuth" name="test_login_wrong_password" time="0.293" /><testcase classname="tests.test_iter2.TestAuth" name="test_me_requires_token" time="0.203" /><testcase classname="tests.test_iter2.TestAudit" name="test_audit_with_auth_uses_user_name" time="0.942" /><testcase classname="tests.test_iter2.TestAuth" name="test_me_with_token" time="0.477" /><testcase classname="tests.test_iter2.TestAudit" name="test_audit_without_auth_anonymous" time="0.431" /><testcase classname="tests.test_iter2.TestAuth" name="test_register_and_duplicate" time="0.377" /><testcase classname="tests.test_iter2.TestAnalytics" name="test_analytics_shape" time="0.140" /><testcase classname="tests.test_iter2.TestBulkCounterfeit" name="test_bulk_analyze" time="13.897" /><testcase classname="tests.test_iter2.TestWebSocket" name="test_ws_hello_and_alert" time="0.363" /></testsuite></testsuites>