<?xml version="1.0" encoding="utf-8"?><testsuites name="pytest tests"><testsuite name="pytest" errors="0" failures="2" skipped="0" tests="21" time="20.030" timestamp="2026-07-22T12:02:17.222895+00:00" hostname="agent-env-05a2c433-be27-4dc6-a349-a05619ca813d"><testcase classname="tests.backend_test.TestScam" name="test_scam_checks_seeded" time="0.215" /><testcase classname="tests.backend_test.TestTranscript" name="test_samples" time="0.198" /><testcase classname="tests.backend_test.TestTranscript" name="test_analyze" time="6.721" /><testcase classname="tests.backend_test.TestScam" name="test_scam_check_high_creates_case_alert" time="4.119"><failure message="AssertionError: no new alert for High verdict&#10;assert 200 &gt; 200">backend/tests/backend_test.py:75: in test_scam_check_high_creates_case_alert
    assert alerts_after &gt; alerts_before, "no new alert for High verdict"
E   AssertionError: no new alert for High verdict
E   assert 200 &gt; 200</failure></testcase><testcase classname="tests.backend_test.TestScam" name="test_scam_check_persisted" time="3.426" /><testcase classname="tests.backend_test.TestTranscript" name="test_mha_draft" time="6.356" /><testcase classname="tests.backend_test.TestScam" name="test_report_ncrb" time="0.048" /><testcase classname="tests.backend_test.TestHotspots" name="test_hotspots_seeded" time="0.053" /><testcase classname="tests.backend_test.TestHotspots" name="test_hotspots_filter" time="0.050" /><testcase classname="tests.backend_test.TestHotspots" name="test_hotspots_priority" time="0.047" /><testcase classname="tests.backend_test.TestGraph" name="test_graph" time="0.051"><failure message="AssertionError: nodes count=23&#10;assert 25 &lt;= 23&#10; +  where 23 = len([{'id': 'A-P1', 'label': '+91 98110 33301', 'type': 'phone', 'cluster': 'A', ...}, {'id': 'A-P2', 'label': '+91 98110 33302', 'type': 'phone', 'cluster': 'A', ...}, {'id': 'A-B1', 'label': 'HDFC-8842 (Mule)', 'type': 'account', 'cluster': 'A', ...}, {'id': 'A-B2', 'label': 'SBI-1177 (Mule)', 'type': 'account', 'cluster': 'A', ...}, {'id': 'A-D1', 'label': 'IMEI-3355-A', 'type': 'device', 'cluster': 'A', ...}, {'id': 'A-V1', 'label': 'Victim R.S.', 'type': 'victim', 'cluster': 'A', ...}, ...])">backend/tests/backend_test.py:178: in test_graph
    assert 25 &lt;= len(d["nodes"]) &lt;= 30, f"nodes count={len(d['nodes'])}"
E   AssertionError: nodes count=23
E   assert 25 &lt;= 23
E    +  where 23 = len([{'id': 'A-P1', 'label': '+91 98110 33301', 'type': 'phone', 'cluster': 'A', ...}, {'id': 'A-P2', 'label': '+91 98110 33302', 'type': 'phone', 'cluster': 'A', ...}, {'id': 'A-B1', 'label': 'HDFC-8842 (Mule)', 'type': 'account', 'cluster': 'A', ...}, {'id': 'A-B2', 'label': 'SBI-1177 (Mule)', 'type': 'account', 'cluster': 'A', ...}, {'id': 'A-D1', 'label': 'IMEI-3355-A', 'type': 'device', 'cluster': 'A', ...}, {'id': 'A-V1', 'label': 'Victim R.S.', 'type': 'victim', 'cluster': 'A', ...}, ...])</failure></testcase><testcase classname="tests.backend_test.TestGraph" name="test_intel_report" time="5.349" /><testcase classname="tests.backend_test.TestCounterfeit" name="test_counterfeit_seeded" time="0.047" /><testcase classname="tests.backend_test.TestCounterfeit" name="test_counterfeit_analyze_creates_record" time="6.118" /><testcase classname="tests.backend_test.TestCases" name="test_list" time="0.046" /><testcase classname="tests.backend_test.TestCases" name="test_update_status_and_assignee" time="0.146" /><testcase classname="tests.backend_test.TestKPIs" name="test_kpis_fields" time="0.052" /><testcase classname="tests.backend_test.TestOfficers" name="test_officers" time="0.045" /><testcase classname="tests.backend_test.TestCounterfeit" name="test_log_seizure" time="0.095" /><testcase classname="tests.backend_test.TestAlerts" name="test_list_sorted" time="0.054" /><testcase classname="tests.backend_test.TestAlerts" name="test_simulate" time="0.048" /></testsuite></testsuites>